<?xml version="1.0" encoding="UTF-8"?>
<!-- Generated by org.testng.reporters.JUnitReportReporter -->
<testsuite skipped="0" hostname="RAHUL" name="com.crm.qa.TestCases.HomePageTest" tests="3" failures="0" timestamp="01 Dec 2019 05:54:04 GMT" time="67.133" errors="0">
  <testcase name="verifyHomeTitletest" time="17.320" classname="com.crm.qa.TestCases.HomePageTest"/>
  <testcase name="varifyUserNameTest" time="23.046" classname="com.crm.qa.TestCases.HomePageTest"/>
  <testcase name="verifyContactslinkTest" time="26.767" classname="com.crm.qa.TestCases.HomePageTest"/>
</testsuite> <!-- com.crm.qa.TestCases.HomePageTest -->
