<?xml version="1.0" encoding="UTF-8"?>
<!-- Generated by org.testng.reporters.JUnitReportReporter -->
<testsuite skipped="0" hostname="RAHUL" name="com.crm.qa.TestCases.LoginPageTest" tests="2" failures="0" timestamp="01 Dec 2019 05:54:04 GMT" time="36.397" errors="0">
  <testcase name="LoginPageTitleTest" time="16.512" classname="com.crm.qa.TestCases.LoginPageTest"/>
  <testcase name="loginTest" time="19.885" classname="com.crm.qa.TestCases.LoginPageTest"/>
</testsuite> <!-- com.crm.qa.TestCases.LoginPageTest -->
